<?xml version="1.0" encoding="UTF-8"?>
<testsuite xmlns:xsi="http://www.w3.org/2001/XMLSchema-instance" xsi:noNamespaceSchemaLocation="https://maven.apache.org/surefire/maven-surefire-plugin/xsd/surefire-test-report.xsd" version="3.0.2" name="com.scs.util.TagGeneratorTest" time="0.001" tests="6" errors="0" skipped="0" failures="0">
  <properties>
[...]
</properties>
  <testcase name="streetlightPark" classname="com.scs.util.TagGeneratorTest" time="0.0"/>
  <testcase name="waterLeakageHostel" classname="com.scs.util.TagGeneratorTest" time="0.0"/>
  <testcase name="stopWordsAndShortWordsExcluded" classname="com.scs.util.TagGeneratorTest" time="0.0"/>
  <testcase name="commaSeparatedString" classname="com.scs.util.TagGeneratorTest" time="0.0"/>
  <testcase name="emptyInputs" classname="com.scs.util.TagGeneratorTest" time="0.0"/>
  <testcase name="titleWordsWeightedHigherThanDescription" classname="com.scs.util.TagGeneratorTest" time="0.0"/>
</testsuite>